<?xml version="1.0" encoding="UTF-8"?>
<robot generator="Robot 7.0 (Python 3.12.1 on win32)" generated="2024-01-17T20:46:34.670124" rpa="false" schemaversion="5">
<suite id="s1" name="mustBeMessage PasswordIsRequired" source="C:\robot\Password_Is_Required\mustBeMessage_PasswordIsRequired.robot">
<test id="s1-t1" name="Enter Data and Check Console" line="14">
<kw name="Open Browser" owner="SeleniumLibrary">
<msg time="2024-01-17T20:46:34.866113" level="INFO">Opening browser 'Chrome' to base url 'https://test-orto-opr.azurewebsites.net/#/login'.</msg>
<arg>${URL}</arg>
<arg>Chrome</arg>
<doc>Opens a new browser instance to the optional ``url``.</doc>
<status status="PASS" start="2024-01-17T20:46:34.866113" elapsed="3.855886"/>
</kw>
<kw name="Sleep" owner="BuiltIn">
<msg time="2024-01-17T20:46:41.724109" level="INFO">Slept 3 seconds.</msg>
<arg>3s</arg>
<doc>Pauses the test executed for the given time.</doc>
<status status="PASS" start="2024-01-17T20:46:38.722999" elapsed="3.001110"/>
</kw>
<kw name="Maximize Browser Window" owner="SeleniumLibrary">
<doc>Maximizes current browser window.</doc>
<status status="PASS" start="2024-01-17T20:46:41.725134" elapsed="0.122995"/>
</kw>
<kw name="Sleep" owner="BuiltIn">
<msg time="2024-01-17T20:46:44.849323" level="INFO">Slept 3 seconds.</msg>
<arg>3s</arg>
<doc>Pauses the test executed for the given time.</doc>
<status status="PASS" start="2024-01-17T20:46:41.849129" elapsed="3.000194"/>
</kw>
<kw name="Input Text" owner="SeleniumLibrary">
<msg time="2024-01-17T20:46:44.851312" level="INFO">Typing text 'sdfsfwef' into text field 'xpath://input[@class='v-field__input']'.</msg>
<arg>${login_locator}</arg>
<arg>${login_value}</arg>
<doc>Types the given ``text`` into the text field identified by ``locator``.</doc>
<status status="PASS" start="2024-01-17T20:46:44.850323" elapsed="0.154852"/>
</kw>
<kw name="Input Text" owner="SeleniumLibrary">
<msg time="2024-01-17T20:46:45.005175" level="INFO">Typing text '' into text field 'xpath://input[@placeholder='Ievadiet paroli']'.</msg>
<arg>${password_locator}</arg>
<arg>${password_value}</arg>
<doc>Types the given ``text`` into the text field identified by ``locator``.</doc>
<status status="PASS" start="2024-01-17T20:46:45.005175" elapsed="0.095994"/>
</kw>
<kw name="Sleep" owner="BuiltIn">
<msg time="2024-01-17T20:46:47.103323" level="INFO">Slept 2 seconds.</msg>
<arg>2s</arg>
<doc>Pauses the test executed for the given time.</doc>
<status status="PASS" start="2024-01-17T20:46:45.101169" elapsed="2.002154"/>
</kw>
<kw name="Click Element" owner="SeleniumLibrary">
<msg time="2024-01-17T20:46:47.105024" level="INFO">Clicking element 'class:v-btn--block'.</msg>
<arg>${button_locator}</arg>
<doc>Click the element identified by ``locator``.</doc>
<status status="PASS" start="2024-01-17T20:46:47.104042" elapsed="0.072888"/>
</kw>
<kw name="Sleep" owner="BuiltIn">
<msg time="2024-01-17T20:46:49.178637" level="INFO">Slept 2 seconds.</msg>
<arg>2s</arg>
<doc>Pauses the test executed for the given time.</doc>
<status status="PASS" start="2024-01-17T20:46:47.177927" elapsed="2.000710"/>
</kw>
<kw name="Page Should Contain Element" owner="SeleniumLibrary">
<msg time="2024-01-17T20:46:49.191713" level="INFO">Current page contains element 'xpath://div[@role='alert']'.</msg>
<arg>${error_locator}</arg>
<doc>Verifies that element ``locator`` is found on the current page.</doc>
<status status="PASS" start="2024-01-17T20:46:49.179689" elapsed="0.013024"/>
</kw>
<kw name="Get Text" owner="SeleniumLibrary">
<msg time="2024-01-17T20:46:49.216489" level="INFO">${actual_text} = The password field is required.</msg>
<var>${actual_text}</var>
<arg>${error_locator}</arg>
<doc>Returns the text value of the element identified by ``locator``.</doc>
<status status="PASS" start="2024-01-17T20:46:49.193726" elapsed="0.022763"/>
</kw>
<kw name="Should Be Equal As Strings" owner="BuiltIn">
<arg>${actual_text}</arg>
<arg>${expected_text}</arg>
<doc>Fails if objects are unequal after converting them to strings.</doc>
<status status="PASS" start="2024-01-17T20:46:49.216489" elapsed="0.000000"/>
</kw>
<kw name="Close Browser" owner="SeleniumLibrary">
<doc>Closes the current browser.</doc>
<status status="PASS" start="2024-01-17T20:46:49.217488" elapsed="2.279838"/>
</kw>
<status status="PASS" start="2024-01-17T20:46:34.863122" elapsed="16.635031"/>
</test>
<status status="PASS" start="2024-01-17T20:46:34.672108" elapsed="16.827385"/>
</suite>
<statistics>
<total>
<stat pass="1" fail="0" skip="0">All Tests</stat>
</total>
<tag>
</tag>
<suite>
<stat pass="1" fail="0" skip="0" id="s1" name="mustBeMessage PasswordIsRequired">mustBeMessage PasswordIsRequired</stat>
</suite>
</statistics>
<errors>
</errors>
</robot>
