<?xml version="1.0" encoding="UTF-8"?>
<robot generator="Robot 7.0 (Python 3.12.1 on win32)" generated="2024-01-18T11:16:17.190921" rpa="false" schemaversion="5">
<suite id="s1" name="AuthorizeMustBeSuccess" source="C:\robot\AuthorizeSuccess\AuthorizeMustBeSuccess.robot">
<test id="s1-t1" name="Enter Data and Check Console" line="17">
<kw name="Open Browser" owner="SeleniumLibrary">
<msg time="2024-01-18T11:16:17.408990" level="INFO">Opening browser 'Chrome' to base url 'https://test-orto-opr.azurewebsites.net/#/login'.</msg>
<arg>${URL}</arg>
<arg>Chrome</arg>
<doc>Opens a new browser instance to the optional ``url``.</doc>
<status status="PASS" start="2024-01-18T11:16:17.407988" elapsed="4.161312"/>
</kw>
<kw name="Sleep" owner="BuiltIn">
<msg time="2024-01-18T11:16:24.570508" level="INFO">Slept 3 seconds.</msg>
<arg>3s</arg>
<doc>Pauses the test executed for the given time.</doc>
<status status="PASS" start="2024-01-18T11:16:21.570298" elapsed="3.000210"/>
</kw>
<kw name="Maximize Browser Window" owner="SeleniumLibrary">
<doc>Maximizes current browser window.</doc>
<status status="PASS" start="2024-01-18T11:16:24.570508" elapsed="0.117558"/>
</kw>
<kw name="Sleep" owner="BuiltIn">
<msg time="2024-01-18T11:16:27.689032" level="INFO">Slept 3 seconds.</msg>
<arg>3s</arg>
<doc>Pauses the test executed for the given time.</doc>
<status status="PASS" start="2024-01-18T11:16:24.688066" elapsed="3.000966"/>
</kw>
<kw name="Input Text" owner="SeleniumLibrary">
<msg time="2024-01-18T11:16:27.689804" level="INFO">Typing text 'stepans.osipovs' into text field 'xpath://input[@class='v-field__input']'.</msg>
<arg>${login_locator}</arg>
<arg>${login_value}</arg>
<doc>Types the given ``text`` into the text field identified by ``locator``.</doc>
<status status="PASS" start="2024-01-18T11:16:27.689804" elapsed="0.196599"/>
</kw>
<kw name="Input Text" owner="SeleniumLibrary">
<msg time="2024-01-18T11:16:27.887401" level="INFO">Typing text '2wBt(Sm6Hg' into text field 'xpath://input[@placeholder='Ievadiet paroli']'.</msg>
<arg>${password_locator}</arg>
<arg>${password_value}</arg>
<doc>Types the given ``text`` into the text field identified by ``locator``.</doc>
<status status="PASS" start="2024-01-18T11:16:27.887401" elapsed="0.130985"/>
</kw>
<kw name="Sleep" owner="BuiltIn">
<msg time="2024-01-18T11:16:30.019872" level="INFO">Slept 2 seconds.</msg>
<arg>2s</arg>
<doc>Pauses the test executed for the given time.</doc>
<status status="PASS" start="2024-01-18T11:16:28.018386" elapsed="2.001486"/>
</kw>
<kw name="Click Element" owner="SeleniumLibrary">
<msg time="2024-01-18T11:16:30.020532" level="INFO">Clicking element 'class:v-btn--block'.</msg>
<arg>${button_locator}</arg>
<doc>Click the element identified by ``locator``.</doc>
<status status="PASS" start="2024-01-18T11:16:30.020532" elapsed="0.073338"/>
</kw>
<kw name="Sleep" owner="BuiltIn">
<msg time="2024-01-18T11:16:32.094412" level="INFO">Slept 2 seconds.</msg>
<arg>2s</arg>
<doc>Pauses the test executed for the given time.</doc>
<status status="PASS" start="2024-01-18T11:16:30.093870" elapsed="2.000542"/>
</kw>
<kw name="Location Should Be" owner="SeleniumLibrary">
<msg time="2024-01-18T11:16:32.103246" level="INFO">Current location is 'https://test-orto-opr.azurewebsites.net/#/home'.</msg>
<arg>${successful_url}</arg>
<doc>Verifies that the current URL is exactly ``url``.</doc>
<status status="PASS" start="2024-01-18T11:16:32.096265" elapsed="0.006981"/>
</kw>
<kw name="Page Should Contain Element" owner="SeleniumLibrary">
<msg time="2024-01-18T11:16:32.115893" level="INFO">Current page contains element 'id:app'.</msg>
<arg>${successful_div}</arg>
<doc>Verifies that element ``locator`` is found on the current page.</doc>
<status status="PASS" start="2024-01-18T11:16:32.103246" elapsed="0.012647"/>
</kw>
<kw name="Close Browser" owner="SeleniumLibrary">
<doc>Closes the current browser.</doc>
<status status="PASS" start="2024-01-18T11:16:32.116942" elapsed="2.295162"/>
</kw>
<status status="PASS" start="2024-01-18T11:16:17.406987" elapsed="17.005117"/>
</test>
<status status="PASS" start="2024-01-18T11:16:17.191995" elapsed="17.222090"/>
</suite>
<statistics>
<total>
<stat pass="1" fail="0" skip="0">All Tests</stat>
</total>
<tag>
</tag>
<suite>
<stat pass="1" fail="0" skip="0" id="s1" name="AuthorizeMustBeSuccess">AuthorizeMustBeSuccess</stat>
</suite>
</statistics>
<errors>
</errors>
</robot>
